<?xml version="1.0" encoding="UTF-8"?>
<!-- Generated by org.testng.reporters.JUnitReportReporter -->
<testsuite hostname="cboca-Inspiron-1545" failures="0" tests="3" name="com.deckofcardsapi.DeckOfCardsApiPositiveTests" time="7.426" errors="0" timestamp="2020-12-12T20:53:14 PST" skipped="0">
  <testcase classname="com.deckofcardsapi.DeckOfCardsApiPositiveTests" name="createNewDeck" time="6.106"/>
  <system-out/>
  <testcase classname="com.deckofcardsapi.DeckOfCardsApiPositiveTests" name="createNewDeckWithJoker" time="0.574"/>
  <system-out/>
  <testcase classname="com.deckofcardsapi.DeckOfCardsApiPositiveTests" name="drawCardsFromDeck" time="0.746"/>
  <system-out/>
</testsuite> <!-- com.deckofcardsapi.DeckOfCardsApiPositiveTests -->
