<?xml version="1.0" encoding="UTF-8"?>
<!-- Generated by org.testng.reporters.JUnitReportReporter -->
<testsuite hostname="cboca-Inspiron-1545" failures="0" tests="1" name="com.deckofcardsapi.DeckOfCardsTests" time="5.366" errors="0" timestamp="2020-12-11T22:28:48 PST" skipped="0">
  <testcase classname="com.deckofcardsapi.DeckOfCardsTests" name="createNewDeckExtractResponse" time="5.366"/>
  <system-out/>
</testsuite> <!-- com.deckofcardsapi.DeckOfCardsTests -->
