<?xml version="1.0" encoding="UTF-8"?>
<!-- Generated by org.testng.reporters.JUnitReportReporter -->
<testsuite hostname="cboca-Inspiron-1545" failures="0" tests="4" name="com.deckodcardsapi.DeckOfCardsTests" time="8.328" errors="0" timestamp="2020-12-11T18:08:07 PST" skipped="0">
  <testcase classname="com.deckodcardsapi.DeckOfCardsTests" name="createNewDeckExtractResponse" time="0.514"/>
  <system-out/>
  <testcase classname="com.deckodcardsapi.DeckOfCardsTests" name="createNewDeckWithJoker" time="0.456"/>
  <system-out/>
  <testcase classname="com.deckodcardsapi.DeckOfCardsTests" name="createNewDeck" time="6.444"/>
  <system-out/>
  <testcase classname="com.deckodcardsapi.DeckOfCardsTests" name="drawCardsFromDeck" time="0.914"/>
  <system-out/>
</testsuite> <!-- com.deckodcardsapi.DeckOfCardsTests -->
