<?xml version="1.0" encoding="UTF-8"?>
<!-- Generated by org.testng.reporters.JUnitReportReporter -->
<testsuite hostname="cboca-Inspiron-1545" failures="0" tests="1" name="com.deckofcardsapi.DeckOfCardsApiTests" time="7.187" errors="0" timestamp="2020-12-11T22:40:47 PST" skipped="0">
  <testcase classname="com.deckofcardsapi.DeckOfCardsApiTests" name="drawCardsFromDeck" time="7.187"/>
  <system-out/>
</testsuite> <!-- com.deckofcardsapi.DeckOfCardsApiTests -->
