<?xml version="1.0" encoding="UTF-8"?>
<!-- Generated by org.testng.reporters.JUnitReportReporter -->
<testsuite hostname="cboca-Inspiron-1545" failures="0" tests="3" name="com.deckofcardsapi.DeckOfCardsApiPositiveTests_1" time="9.919" errors="0" timestamp="2020-12-12T16:32:31 PST" skipped="0">
  <testcase classname="com.deckofcardsapi.DeckOfCardsApiPositiveTests_1" name="createNewDeck" time="8.248"/>
  <system-out/>
  <testcase classname="com.deckofcardsapi.DeckOfCardsApiPositiveTests_1" name="createNewDeckWithJoker" time="0.570"/>
  <system-out/>
  <testcase classname="com.deckofcardsapi.DeckOfCardsApiPositiveTests_1" name="drawCardsFromDeck" time="1.101"/>
  <system-out/>
</testsuite> <!-- com.deckofcardsapi.DeckOfCardsApiPositiveTests_1 -->
