<?xml version="1.0" encoding="UTF-8"?>
<!-- Generated by org.testng.reporters.JUnitReportReporter -->
<testsuite hostname="cboca-Inspiron-1545" failures="0" tests="1" name="com.deckofcardsapi.DeckOfCardsApiInitialTests" time="5.761" errors="0" timestamp="2020-12-12T15:38:25 PST" skipped="0">
  <testcase classname="com.deckofcardsapi.DeckOfCardsApiInitialTests" name="getDeckInfo" time="5.761"/>
  <system-out/>
</testsuite> <!-- com.deckofcardsapi.DeckOfCardsApiInitialTests -->
