<?xml version="1.0" encoding="UTF-8"?>
<!-- Generated by org.testng.reporters.JUnitReportReporter -->
<testsuite hostname="cboca-Inspiron-1545" failures="0" tests="3" name="com.deckofcardsapi.DeckOfCardsApiPositiveTests" time="6.826" errors="0" timestamp="2020-12-13T10:36:20 PST" skipped="0">
  <testcase classname="com.deckofcardsapi.DeckOfCardsApiPositiveTests" name="createNewDeck" time="5.561"/>
  <system-out/>
  <testcase classname="com.deckofcardsapi.DeckOfCardsApiPositiveTests" name="createNewDeckWithJoker" time="0.438"/>
  <system-out/>
  <testcase classname="com.deckofcardsapi.DeckOfCardsApiPositiveTests" name="drawCardsFromDeck" time="0.827"/>
  <system-out/>
</testsuite> <!-- com.deckofcardsapi.DeckOfCardsApiPositiveTests -->
