<?xml version="1.0" encoding="UTF-8"?>
<!-- Generated by org.testng.reporters.JUnitReportReporter -->
<testsuite hostname="cboca-Inspiron-1545" failures="0" tests="3" name="com.deckofcardsapi.DeckOfCardsApiPositiveTests" time="1.460" errors="0" timestamp="2020-12-12T21:31:02 PST" skipped="0">
  <testcase classname="com.deckofcardsapi.DeckOfCardsApiPositiveTests" name="createNewDeck" time="0.357"/>
  <system-out/>
  <testcase classname="com.deckofcardsapi.DeckOfCardsApiPositiveTests" name="createNewDeckWithJoker" time="0.404"/>
  <system-out/>
  <testcase classname="com.deckofcardsapi.DeckOfCardsApiPositiveTests" name="drawCardsFromDeck" time="0.699"/>
  <system-out/>
</testsuite> <!-- com.deckofcardsapi.DeckOfCardsApiPositiveTests -->
