<?xml version="1.0" encoding="UTF-8"?>
<!-- Generated by org.testng.reporters.JUnitReportReporter -->
<testsuite hostname="cboca-Inspiron-1545" failures="0" tests="3" name="com.deckofcardsapi.DeckOfCardsApiPositiveTests" time="6.852" errors="0" timestamp="2020-12-13T10:38:38 PST" skipped="0">
  <testcase classname="com.deckofcardsapi.DeckOfCardsApiPositiveTests" name="createNewDeck" time="5.360"/>
  <system-out/>
  <testcase classname="com.deckofcardsapi.DeckOfCardsApiPositiveTests" name="createNewDeckWithJoker" time="0.557"/>
  <system-out/>
  <testcase classname="com.deckofcardsapi.DeckOfCardsApiPositiveTests" name="drawCardsFromDeck" time="0.935"/>
  <system-out/>
</testsuite> <!-- com.deckofcardsapi.DeckOfCardsApiPositiveTests -->
